<?xml version="1.0" encoding="UTF-8"?>
<!-- Generated by org.testng.reporters.JUnitReportReporter -->
<testsuite hostname="DESKTOP-ILEJQLS" failures="0" tests="3" name="files.dynamicJson" time="9.561" errors="0" timestamp="2024-02-27T04:01:18 CST" skipped="0">
  <testcase classname="files.dynamicJson" name="addBook" time="9.016"/>
  <testcase classname="files.dynamicJson" name="addBook" time="0.299"/>
  <testcase classname="files.dynamicJson" name="addBook" time="0.246"/>
</testsuite> <!-- files.dynamicJson -->
