<?xml version="1.0" encoding="UTF-8"?>
<!-- Generated by org.testng.reporters.JUnitReportReporter -->
<testsuite hostname="DESKTOP-ILEJQLS" failures="0" tests="1" name="DummyTesting.DummyTesting.SumValidation" time="0.488" errors="0" timestamp="2024-02-26T05:48:49 CST" skipped="0">
  <testcase classname="DummyTesting.DummyTesting.SumValidation" name="sumOfCourse" time="0.488"/>
</testsuite> <!-- DummyTesting.DummyTesting.SumValidation -->
